
> frontend@0.0.0 coverage:full /home/runner/work/heimdall/heimdall/frontend
> vitest run --coverage --coverage.provider=v8 --coverage.reporter=html --coverage.reportsDirectory=./coverage


[1m[46m RUN [49m[22m [36mv3.2.4 [39m[90m/home/runner/work/heimdall/heimdall/frontend[39m
      [2mCoverage enabled with [22m[33mv8[39m

[90mstderr[2m | src/store/analyticsStore.test.ts[2m > [22m[2mAnalytics Store (Zustand)[2m > [22m[2mfetchAnalytics Action[2m > [22m[2mshould handle errors from prediction metrics API
[22m[39mFailed to fetch prediction metrics: Error: Network error
    at [90m/home/runner/work/heimdall/heimdall/frontend/[39msrc/store/analyticsStore.test.ts:178:31
    at [90mfile:///home/runner/work/heimdall/heimdall/frontend/[39mnode_modules/[4m.pnpm[24m/@vitest+runner@3.2.4/node_modules/[4m@vitest[24m/runner/dist/chunk-hooks.js:155:11
    at [90mfile:///home/runner/work/heimdall/heimdall/frontend/[39mnode_modules/[4m.pnpm[24m/@vitest+runner@3.2.4/node_modules/[4m@vitest[24m/runner/dist/chunk-hooks.js:752:26
    at [90mfile:///home/runner/work/heimdall/heimdall/frontend/[39mnode_modules/[4m.pnpm[24m/@vitest+runner@3.2.4/node_modules/[4m@vitest[24m/runner/dist/chunk-hooks.js:1897:20
    at new Promise (<anonymous>)
    at runWithTimeout [90m(file:///home/runner/work/heimdall/heimdall/frontend/[39mnode_modules/[4m.pnpm[24m/@vitest+runner@3.2.4/node_modules/[4m@vitest[24m/runner/dist/chunk-hooks.js:1863:10[90m)[39m
    at runTest [90m(file:///home/runner/work/heimdall/heimdall/frontend/[39mnode_modules/[4m.pnpm[24m/@vitest+runner@3.2.4/node_modules/[4m@vitest[24m/runner/dist/chunk-hooks.js:1574:12[90m)[39m
[90m    at processTicksAndRejections (node:internal/process/task_queues:95:5)[39m
    at runSuite [90m(file:///home/runner/work/heimdall/heimdall/frontend/[39mnode_modules/[4m.pnpm[24m/@vitest+runner@3.2.4/node_modules/[4m@vitest[24m/runner/dist/chunk-hooks.js:1729:8[90m)[39m
    at runSuite [90m(file:///home/runner/work/heimdall/heimdall/frontend/[39mnode_modules/[4m.pnpm[24m/@vitest+runner@3.2.4/node_modules/[4m@vitest[24m/runner/dist/chunk-hooks.js:1729:8[90m)[39m

[90mstderr[2m | src/store/analyticsStore.test.ts[2m > [22m[2mAnalytics Store (Zustand)[2m > [22m[2mfetchAnalytics Action[2m > [22m[2mshould handle errors from WebSDR performance API
[22m[39mFailed to fetch WebSDR performance: Error: Backend service unavailable
    at [90m/home/runner/work/heimdall/heimdall/frontend/[39msrc/store/analyticsStore.test.ts:204:31
    at [90mfile:///home/runner/work/heimdall/heimdall/frontend/[39mnode_modules/[4m.pnpm[24m/@vitest+runner@3.2.4/node_modules/[4m@vitest[24m/runner/dist/chunk-hooks.js:155:11
    at [90mfile:///home/runner/work/heimdall/heimdall/frontend/[39mnode_modules/[4m.pnpm[24m/@vitest+runner@3.2.4/node_modules/[4m@vitest[24m/runner/dist/chunk-hooks.js:752:26
    at [90mfile:///home/runner/work/heimdall/heimdall/frontend/[39mnode_modules/[4m.pnpm[24m/@vitest+runner@3.2.4/node_modules/[4m@vitest[24m/runner/dist/chunk-hooks.js:1897:20
    at new Promise (<anonymous>)
    at runWithTimeout [90m(file:///home/runner/work/heimdall/heimdall/frontend/[39mnode_modules/[4m.pnpm[24m/@vitest+runner@3.2.4/node_modules/[4m@vitest[24m/runner/dist/chunk-hooks.js:1863:10[90m)[39m
    at runTest [90m(file:///home/runner/work/heimdall/heimdall/frontend/[39mnode_modules/[4m.pnpm[24m/@vitest+runner@3.2.4/node_modules/[4m@vitest[24m/runner/dist/chunk-hooks.js:1574:12[90m)[39m
[90m    at processTicksAndRejections (node:internal/process/task_queues:95:5)[39m
    at runSuite [90m(file:///home/runner/work/heimdall/heimdall/frontend/[39mnode_modules/[4m.pnpm[24m/@vitest+runner@3.2.4/node_modules/[4m@vitest[24m/runner/dist/chunk-hooks.js:1729:8[90m)[39m
    at runSuite [90m(file:///home/runner/work/heimdall/heimdall/frontend/[39mnode_modules/[4m.pnpm[24m/@vitest+runner@3.2.4/node_modules/[4m@vitest[24m/runner/dist/chunk-hooks.js:1729:8[90m)[39m

 [32m✓[39m src/services/api/analytics.test.ts [2m([22m[2m18 tests[22m[2m)[22m[32m 21[2mms[22m[39m
 [32m✓[39m src/store/analyticsStore.test.ts [2m([22m[2m12 tests[22m[2m)[22m[32m 28[2mms[22m[39m
[90mstdout[2m | src/lib/websocket.test.ts[2m > [22m[2mWebSocket Manager[2m > [22m[2mConnection Management[2m > [22m[2mshould create a WebSocket manager instance
[22m[39m[WebSocket] Disconnecting

[90mstdout[2m | src/lib/websocket.test.ts[2m > [22m[2mWebSocket Manager[2m > [22m[2mConnection Management[2m > [22m[2mshould connect to WebSocket server
[22m[39m[WebSocket] Connecting to ws://localhost:8000/ws/updates

[90mstdout[2m | src/lib/websocket.test.ts[2m > [22m[2mWebSocket Manager[2m > [22m[2mConnection Management[2m > [22m[2mshould connect to WebSocket server
[22m[39m[WebSocket] Connected

[90mstdout[2m | src/lib/websocket.test.ts[2m > [22m[2mWebSocket Manager[2m > [22m[2mConnection Management[2m > [22m[2mshould connect to WebSocket server
[22m[39m[WebSocket] Disconnecting
[WebSocket] Connection closed [33m1000[39m Normal closure

[90mstdout[2m | src/lib/websocket.test.ts[2m > [22m[2mWebSocket Manager[2m > [22m[2mConnection Management[2m > [22m[2mshould disconnect from WebSocket server
[22m[39m[WebSocket] Connecting to ws://localhost:8000/ws/updates

[90mstdout[2m | src/lib/websocket.test.ts[2m > [22m[2mWebSocket Manager[2m > [22m[2mConnection Management[2m > [22m[2mshould disconnect from WebSocket server
[22m[39m[WebSocket] Connected

[90mstdout[2m | src/lib/websocket.test.ts[2m > [22m[2mWebSocket Manager[2m > [22m[2mConnection Management[2m > [22m[2mshould disconnect from WebSocket server
[22m[39m[WebSocket] Disconnecting
[WebSocket] Connection closed [33m1000[39m Normal closure

[90mstdout[2m | src/lib/websocket.test.ts[2m > [22m[2mWebSocket Manager[2m > [22m[2mConnection Management[2m > [22m[2mshould disconnect from WebSocket server
[22m[39m[WebSocket] Disconnecting

[90mstdout[2m | src/lib/websocket.test.ts[2m > [22m[2mWebSocket Manager[2m > [22m[2mConnection Management[2m > [22m[2mshould not connect if already connected
[22m[39m[WebSocket] Connecting to ws://localhost:8000/ws/updates

[90mstdout[2m | src/lib/websocket.test.ts[2m > [22m[2mWebSocket Manager[2m > [22m[2mConnection Management[2m > [22m[2mshould not connect if already connected
[22m[39m[WebSocket] Connected

[90mstdout[2m | src/lib/websocket.test.ts[2m > [22m[2mWebSocket Manager[2m > [22m[2mConnection Management[2m > [22m[2mshould not connect if already connected
[22m[39m[WebSocket] Already connected or connecting

[90mstdout[2m | src/lib/websocket.test.ts[2m > [22m[2mWebSocket Manager[2m > [22m[2mConnection Management[2m > [22m[2mshould not connect if already connected
[22m[39m[WebSocket] Disconnecting
[WebSocket] Connection closed [33m1000[39m Normal closure

[90mstdout[2m | src/lib/websocket.test.ts[2m > [22m[2mWebSocket Manager[2m > [22m[2mState Management[2m > [22m[2mshould track connection state
[22m[39m[WebSocket] Connecting to ws://localhost:8000/ws/updates

[90mstdout[2m | src/lib/websocket.test.ts[2m > [22m[2mWebSocket Manager[2m > [22m[2mState Management[2m > [22m[2mshould track connection state
[22m[39m[WebSocket] Connected

[90mstdout[2m | src/lib/websocket.test.ts[2m > [22m[2mWebSocket Manager[2m > [22m[2mState Management[2m > [22m[2mshould track connection state
[22m[39m[WebSocket] Disconnecting
[WebSocket] Connection closed [33m1000[39m Normal closure

[90mstdout[2m | src/lib/websocket.test.ts[2m > [22m[2mWebSocket Manager[2m > [22m[2mState Management[2m > [22m[2mshould track connection state
[22m[39m[WebSocket] Disconnecting

[90mstdout[2m | src/lib/websocket.test.ts[2m > [22m[2mWebSocket Manager[2m > [22m[2mState Management[2m > [22m[2mshould notify state change listeners
[22m[39m[WebSocket] Connecting to ws://localhost:8000/ws/updates

[90mstdout[2m | src/lib/websocket.test.ts[2m > [22m[2mWebSocket Manager[2m > [22m[2mState Management[2m > [22m[2mshould notify state change listeners
[22m[39m[WebSocket] Connected

[90mstdout[2m | src/lib/websocket.test.ts[2m > [22m[2mWebSocket Manager[2m > [22m[2mState Management[2m > [22m[2mshould notify state change listeners
[22m[39m[WebSocket] Disconnecting
[WebSocket] Connection closed [33m1000[39m Normal closure

[90mstdout[2m | src/lib/websocket.test.ts[2m > [22m[2mWebSocket Manager[2m > [22m[2mState Management[2m > [22m[2mshould remove state change listeners
[22m[39m[WebSocket] Connecting to ws://localhost:8000/ws/updates

[90mstdout[2m | src/lib/websocket.test.ts[2m > [22m[2mWebSocket Manager[2m > [22m[2mState Management[2m > [22m[2mshould remove state change listeners
[22m[39m[WebSocket] Connected

[90mstdout[2m | src/lib/websocket.test.ts[2m > [22m[2mWebSocket Manager[2m > [22m[2mState Management[2m > [22m[2mshould remove state change listeners
[22m[39m[WebSocket] Disconnecting
[WebSocket] Connection closed [33m1000[39m Normal closure

[90mstdout[2m | src/lib/websocket.test.ts[2m > [22m[2mWebSocket Manager[2m > [22m[2mEvent Subscription[2m > [22m[2mshould subscribe to events
[22m[39m[WebSocket] Subscribed to event: test-event
[WebSocket] Subscribed to event: test-event

[90mstdout[2m | src/lib/websocket.test.ts[2m > [22m[2mWebSocket Manager[2m > [22m[2mEvent Subscription[2m > [22m[2mshould subscribe to events
[22m[39m[WebSocket] Disconnecting

[90mstdout[2m | src/lib/websocket.test.ts[2m > [22m[2mWebSocket Manager[2m > [22m[2mEvent Subscription[2m > [22m[2mshould unsubscribe from events
[22m[39m[WebSocket] Subscribed to event: test-event
[WebSocket] Unsubscribed from event: test-event

[90mstdout[2m | src/lib/websocket.test.ts[2m > [22m[2mWebSocket Manager[2m > [22m[2mEvent Subscription[2m > [22m[2mshould unsubscribe from events
[22m[39m[WebSocket] Disconnecting

[90mstdout[2m | src/lib/websocket.test.ts[2m > [22m[2mWebSocket Manager[2m > [22m[2mEvent Subscription[2m > [22m[2mshould handle multiple subscribers to same event
[22m[39m[WebSocket] Subscribed to event: test-event
[WebSocket] Subscribed to event: test-event
[WebSocket] Unsubscribed from event: test-event
[WebSocket] Unsubscribed from event: test-event

[90mstdout[2m | src/lib/websocket.test.ts[2m > [22m[2mWebSocket Manager[2m > [22m[2mEvent Subscription[2m > [22m[2mshould handle multiple subscribers to same event
[22m[39m[WebSocket] Disconnecting

[90mstdout[2m | src/lib/websocket.test.ts[2m > [22m[2mWebSocket Manager[2m > [22m[2mMessage Handling[2m > [22m[2mshould send messages when connected
[22m[39m[WebSocket] Connecting to ws://localhost:8000/ws/updates

[90mstdout[2m | src/lib/websocket.test.ts[2m > [22m[2mWebSocket Manager[2m > [22m[2mMessage Handling[2m > [22m[2mshould send messages when connected
[22m[39m[WebSocket] Connected

[90mstdout[2m | src/lib/websocket.test.ts[2m > [22m[2mWebSocket Manager[2m > [22m[2mMessage Handling[2m > [22m[2mshould send messages when connected
[22m[39m[WebSocket] Disconnecting
[WebSocket] Connection closed [33m1000[39m Normal closure

[90mstdout[2m | src/lib/websocket.test.ts[2m > [22m[2mWebSocket Manager[2m > [22m[2mMessage Handling[2m > [22m[2mshould not send messages when disconnected
[22m[39m[WebSocket] Disconnecting

[90mstdout[2m | src/lib/websocket.test.ts[2m > [22m[2mWebSocket Manager[2m > [22m[2mMessage Handling[2m > [22m[2mshould receive and dispatch messages
[22m[39m[WebSocket] Connecting to ws://localhost:8000/ws/updates

[90mstdout[2m | src/lib/websocket.test.ts[2m > [22m[2mWebSocket Manager[2m > [22m[2mMessage Handling[2m > [22m[2mshould receive and dispatch messages
[22m[39m[WebSocket] Connected

[90mstdout[2m | src/lib/websocket.test.ts[2m > [22m[2mWebSocket Manager[2m > [22m[2mMessage Handling[2m > [22m[2mshould receive and dispatch messages
[22m[39m[WebSocket] Subscribed to event: services:health

[90mstdout[2m | src/lib/websocket.test.ts[2m > [22m[2mWebSocket Manager[2m > [22m[2mMessage Handling[2m > [22m[2mshould receive and dispatch messages
[22m[39m[WebSocket] Disconnecting
[WebSocket] Connection closed [33m1000[39m Normal closure

[90mstdout[2m | src/lib/websocket.test.ts[2m > [22m[2mWebSocket Manager[2m > [22m[2mConnection State Queries[2m > [22m[2mshould return correct connection state
[22m[39m[WebSocket] Connecting to ws://localhost:8000/ws/updates

[90mstdout[2m | src/lib/websocket.test.ts[2m > [22m[2mWebSocket Manager[2m > [22m[2mConnection State Queries[2m > [22m[2mshould return correct connection state
[22m[39m[WebSocket] Connected

[90mstdout[2m | src/lib/websocket.test.ts[2m > [22m[2mWebSocket Manager[2m > [22m[2mConnection State Queries[2m > [22m[2mshould return correct connection state
[22m[39m[WebSocket] Disconnecting
[WebSocket] Connection closed [33m1000[39m Normal closure

[90mstdout[2m | src/lib/websocket.test.ts[2m > [22m[2mWebSocket Manager[2m > [22m[2mConnection State Queries[2m > [22m[2mshould return correct connection state
[22m[39m[WebSocket] Disconnecting

[90mstdout[2m | src/lib/websocket.test.ts[2m > [22m[2mWebSocket Manager[2m > [22m[2mConnection State Queries[2m > [22m[2mshould return current state
[22m[39m[WebSocket] Connecting to ws://localhost:8000/ws/updates

[90mstdout[2m | src/lib/websocket.test.ts[2m > [22m[2mWebSocket Manager[2m > [22m[2mConnection State Queries[2m > [22m[2mshould return current state
[22m[39m[WebSocket] Connected

[90mstdout[2m | src/lib/websocket.test.ts[2m > [22m[2mWebSocket Manager[2m > [22m[2mConnection State Queries[2m > [22m[2mshould return current state
[22m[39m[WebSocket] Disconnecting
[WebSocket] Connection closed [33m1000[39m Normal closure

[90mstdout[2m | src/lib/websocket.test.ts[2m > [22m[2mWebSocket Manager[2m > [22m[2mFactory Function[2m > [22m[2mshould create WebSocket manager with factory
[22m[39m[WebSocket] Disconnecting

 [32m✓[39m src/lib/websocket.test.ts [2m([22m[2m16 tests[22m[2m)[22m[32m 135[2mms[22m[39m
[90mstderr[2m | src/pages/Dashboard.integration.test.tsx[2m > [22m[2mDashboard - Real API Integration[2m > [22m[2mRefresh Functionality[2m > [22m[2mshould show refreshing state during manual refresh
[22m[39mAn update to Dashboard inside a test was not wrapped in act(...).

When testing, code that causes React state updates should be wrapped into act(...):

act(() => {
  /* fire events that update state */
});
/* assert on the output */

This ensures that you're testing the behavior the user would see in the browser. Learn more at https://react.dev/link/wrap-tests-with-act

 [32m✓[39m src/test/interactive.test.tsx [2m([22m[2m21 tests[22m[2m)[22m[33m 867[2mms[22m[39m
 [32m✓[39m src/pages/Dashboard.integration.test.tsx [2m([22m[2m15 tests[22m[2m)[22m[33m 1855[2mms[22m[39m
   [33m[2m✓[22m[39m Dashboard - Real API Integration[2m > [22mLoading States[2m > [22mshould display skeleton loaders when loading with no data [33m 398[2mms[22m[39m
   [33m[2m✓[22m[39m Dashboard - Real API Integration[2m > [22mService Health Display[2m > [22mshould show error state with retry button when services fail to load [33m 319[2mms[22m[39m
 [32m✓[39m src/utils/ellipse.test.ts [2m([22m[2m16 tests[22m[2m)[22m[32m 15[2mms[22m[39m
 [32m✓[39m src/hooks/__tests__/useMediaQuery.test.ts [2m([22m[2m15 tests[22m[2m)[22m[32m 111[2mms[22m[39m
 [32m✓[39m src/test/accessibility.test.tsx [2m([22m[2m18 tests[22m[2m)[22m[33m 1527[2mms[22m[39m
   [33m[2m✓[22m[39m Accessibility Compliance Tests[2m > [22mSemantic HTML[2m > [22mDashboard should have proper heading hierarchy [33m 334[2mms[22m[39m
   [33m[2m✓[22m[39m Accessibility Compliance Tests[2m > [22mScreen Reader Support[2m > [22mProgress bars should have accessible labels [33m 364[2mms[22m[39m
[90mstderr[2m | src/pages/Analytics.test.tsx[2m > [22m[2mAnalytics Page[2m > [22m[2mrenders Analytics page with title
[22m[39mNot implemented: HTMLCanvasElement's getContext() method: without installing the canvas npm package
Failed to create chart: can't acquire context from the given item
Not implemented: HTMLCanvasElement's getContext() method: without installing the canvas npm package
Failed to create chart: can't acquire context from the given item

[90mstderr[2m | src/pages/Analytics.test.tsx[2m > [22m[2mAnalytics Page[2m > [22m[2mdisplays breadcrumb navigation
[22m[39mNot implemented: HTMLCanvasElement's getContext() method: without installing the canvas npm package
Failed to create chart: can't acquire context from the given item
Not implemented: HTMLCanvasElement's getContext() method: without installing the canvas npm package
Failed to create chart: can't acquire context from the given item

[90mstderr[2m | src/pages/Analytics.test.tsx[2m > [22m[2mAnalytics Page[2m > [22m[2mfetches dashboard data on mount
[22m[39mNot implemented: HTMLCanvasElement's getContext() method: without installing the canvas npm package
Failed to create chart: can't acquire context from the given item
Not implemented: HTMLCanvasElement's getContext() method: without installing the canvas npm package
Failed to create chart: can't acquire context from the given item

[90mstderr[2m | src/pages/Analytics.test.tsx[2m > [22m[2mAnalytics Page[2m > [22m[2mrenders without crashing
[22m[39mNot implemented: HTMLCanvasElement's getContext() method: without installing the canvas npm package
Failed to create chart: can't acquire context from the given item
Not implemented: HTMLCanvasElement's getContext() method: without installing the canvas npm package
Failed to create chart: can't acquire context from the given item

[90mstderr[2m | src/pages/Analytics.test.tsx[2m > [22m[2mAnalytics Page[2m > [22m[2mdisplays page header
[22m[39mNot implemented: HTMLCanvasElement's getContext() method: without installing the canvas npm package
Failed to create chart: can't acquire context from the given item
Not implemented: HTMLCanvasElement's getContext() method: without installing the canvas npm package
Failed to create chart: can't acquire context from the given item

[90mstderr[2m | src/pages/Analytics.test.tsx[2m > [22m[2mAnalytics Page[2m > [22m[2mrenders dashboard data section
[22m[39mNot implemented: HTMLCanvasElement's getContext() method: without installing the canvas npm package
Failed to create chart: can't acquire context from the given item
Not implemented: HTMLCanvasElement's getContext() method: without installing the canvas npm package
Failed to create chart: can't acquire context from the given item

[90mstderr[2m | src/pages/Analytics.test.tsx[2m > [22m[2mAnalytics Page[2m > [22m[2mhandles refresh button interaction
[22m[39mNot implemented: HTMLCanvasElement's getContext() method: without installing the canvas npm package
Failed to create chart: can't acquire context from the given item
Not implemented: HTMLCanvasElement's getContext() method: without installing the canvas npm package
Failed to create chart: can't acquire context from the given item

[90mstderr[2m | src/pages/Analytics.test.tsx[2m > [22m[2mAnalytics Page[2m > [22m[2mdisplays metrics section
[22m[39mNot implemented: HTMLCanvasElement's getContext() method: without installing the canvas npm package
Failed to create chart: can't acquire context from the given item
Not implemented: HTMLCanvasElement's getContext() method: without installing the canvas npm package
Failed to create chart: can't acquire context from the given item

[90mstderr[2m | src/pages/Analytics.test.tsx[2m > [22m[2mAnalytics Page[2m > [22m[2mcalculates success rate correctly
[22m[39mNot implemented: HTMLCanvasElement's getContext() method: without installing the canvas npm package
Failed to create chart: can't acquire context from the given item
Not implemented: HTMLCanvasElement's getContext() method: without installing the canvas npm package
Failed to create chart: can't acquire context from the given item

[90mstderr[2m | src/pages/Localization.test.tsx[2m > [22m[2mLocalization Page[2m > [22m[2mhandles result selection
[22m[39mAn update to Localization inside a test was not wrapped in act(...).

When testing, code that causes React state updates should be wrapped into act(...):

act(() => {
  /* fire events that update state */
});
/* assert on the output */

This ensures that you're testing the behavior the user would see in the browser. Learn more at https://react.dev/link/wrap-tests-with-act

[90mstderr[2m | src/pages/Analytics.test.tsx[2m > [22m[2mAnalytics Page[2m > [22m[2mrenders time range selector if present
[22m[39mNot implemented: HTMLCanvasElement's getContext() method: without installing the canvas npm package
Failed to create chart: can't acquire context from the given item
Not implemented: HTMLCanvasElement's getContext() method: without installing the canvas npm package
Failed to create chart: can't acquire context from the given item

[90mstderr[2m | src/pages/Analytics.test.tsx[2m > [22m[2mAnalytics Page[2m > [22m[2mhandles time range change if selector exists
[22m[39mNot implemented: HTMLCanvasElement's getContext() method: without installing the canvas npm package
Failed to create chart: can't acquire context from the given item
Not implemented: HTMLCanvasElement's getContext() method: without installing the canvas npm package
Failed to create chart: can't acquire context from the given item

[90mstderr[2m | src/pages/Analytics.test.tsx[2m > [22m[2mAnalytics Page[2m > [22m[2mdisplays WebSDR online count
[22m[39mNot implemented: HTMLCanvasElement's getContext() method: without installing the canvas npm package
Failed to create chart: can't acquire context from the given item
Not implemented: HTMLCanvasElement's getContext() method: without installing the canvas npm package
Failed to create chart: can't acquire context from the given item

[90mstderr[2m | src/pages/Analytics.test.tsx[2m > [22m[2mAnalytics Page[2m > [22m[2mrenders main content area
[22m[39mNot implemented: HTMLCanvasElement's getContext() method: without installing the canvas npm package
Failed to create chart: can't acquire context from the given item
Not implemented: HTMLCanvasElement's getContext() method: without installing the canvas npm package
Failed to create chart: can't acquire context from the given item

[90mstderr[2m | src/pages/Analytics.test.tsx[2m > [22m[2mAnalytics Page[2m > [22m[2mdisplays accuracy metric if available
[22m[39mNot implemented: HTMLCanvasElement's getContext() method: without installing the canvas npm package
Failed to create chart: can't acquire context from the given item
Not implemented: HTMLCanvasElement's getContext() method: without installing the canvas npm package
Failed to create chart: can't acquire context from the given item

[90mstderr[2m | src/pages/Analytics.test.tsx[2m > [22m[2mAnalytics Page[2m > [22m[2mrenders without errors when data is loading
[22m[39mNot implemented: HTMLCanvasElement's getContext() method: without installing the canvas npm package
Failed to create chart: can't acquire context from the given item
Not implemented: HTMLCanvasElement's getContext() method: without installing the canvas npm package
Failed to create chart: can't acquire context from the given item

[90mstderr[2m | src/pages/Analytics.test.tsx[2m > [22m[2mAnalytics Page[2m > [22m[2mshows proper page structure
[22m[39mNot implemented: HTMLCanvasElement's getContext() method: without installing the canvas npm package
Failed to create chart: can't acquire context from the given item
Not implemented: HTMLCanvasElement's getContext() method: without installing the canvas npm package
Failed to create chart: can't acquire context from the given item

 [32m✓[39m src/pages/Localization.test.tsx [2m([22m[2m18 tests[22m[2m)[22m[33m 1012[2mms[22m[39m
 [32m✓[39m src/pages/Analytics.test.tsx [2m([22m[2m16 tests[22m[2m)[22m[33m 952[2mms[22m[39m
 [32m✓[39m src/pages/Dashboard.test.tsx [2m([22m[2m11 tests[22m[2m)[22m[33m 1821[2mms[22m[39m
   [33m[2m✓[22m[39m Dashboard[2m > [22mshould render the dashboard [33m 383[2mms[22m[39m
   [33m[2m✓[22m[39m Dashboard[2m > [22mshould display all stat cards [33m 564[2mms[22m[39m
[90mstderr[2m | src/hooks/__tests__/useLocalStorage.test.ts[2m > [22m[2museLocalStorage Hook[2m > [22m[2mreturns initial value when localStorage contains invalid JSON
[22m[39mError reading localStorage key "test-key": SyntaxError: Unexpected token 'i', "invalid-json-{" is not valid JSON
    at JSON.parse (<anonymous>)
    at [90m/home/runner/work/heimdall/heimdall/frontend/[39msrc/hooks/useLocalStorage.ts:7:32
    at mountStateImpl [90m(/home/runner/work/heimdall/heimdall/frontend/[39mnode_modules/[4m.pnpm[24m/react-dom@19.2.0_react@19.2.0/node_modules/[4mreact-dom[24m/cjs/react-dom-client.development.js:8268:24[90m)[39m
    at mountState [90m(/home/runner/work/heimdall/heimdall/frontend/[39mnode_modules/[4m.pnpm[24m/react-dom@19.2.0_react@19.2.0/node_modules/[4mreact-dom[24m/cjs/react-dom-client.development.js:8289:22[90m)[39m
    at Object.useState [90m(/home/runner/work/heimdall/heimdall/frontend/[39mnode_modules/[4m.pnpm[24m/react-dom@19.2.0_react@19.2.0/node_modules/[4mreact-dom[24m/cjs/react-dom-client.development.js:26243:18[90m)[39m
    at process.env.NODE_ENV.exports.useState [90m(/home/runner/work/heimdall/heimdall/frontend/[39mnode_modules/[4m.pnpm[24m/react@19.2.0/node_modules/[4mreact[24m/cjs/react.development.js:1263:34[90m)[39m
    at useLocalStorage [90m(/home/runner/work/heimdall/heimdall/frontend/[39msrc/hooks/useLocalStorage.ts:4:43[90m)[39m
    at [90m/home/runner/work/heimdall/heimdall/frontend/[39msrc/hooks/__tests__/useLocalStorage.test.ts:110:45
    at TestComponent [90m(/home/runner/work/heimdall/heimdall/frontend/[39mnode_modules/[4m.pnpm[24m/@testing-library+react@16.3.0_@testing-library+dom@10.4.1_@types+react-dom@19.2.2_@types+reac_aph2zb2rcqhkh2rxlyc37ubn7y/node_modules/[4m@testing-library[24m/react/dist/pure.js:331:27[90m)[39m
    at Object.react_stack_bottom_frame [90m(/home/runner/work/heimdall/heimdall/frontend/[39mnode_modules/[4m.pnpm[24m/react-dom@19.2.0_react@19.2.0/node_modules/[4mreact-dom[24m/cjs/react-dom-client.development.js:25904:20[90m)[39m

[90mstderr[2m | src/hooks/__tests__/useLocalStorage.test.ts[2m > [22m[2museLocalStorage Hook[2m > [22m[2mgracefully handles localStorage errors during read
[22m[39mError reading localStorage key "test-key": Error: Storage read error
    at Proxy.Storage.getItem [90m(/home/runner/work/heimdall/heimdall/frontend/[39msrc/hooks/__tests__/useLocalStorage.test.ts:119:19[90m)[39m
    at [90m/home/runner/work/heimdall/heimdall/frontend/[39msrc/hooks/useLocalStorage.ts:6:46
    at mountStateImpl [90m(/home/runner/work/heimdall/heimdall/frontend/[39mnode_modules/[4m.pnpm[24m/react-dom@19.2.0_react@19.2.0/node_modules/[4mreact-dom[24m/cjs/react-dom-client.development.js:8268:24[90m)[39m
    at mountState [90m(/home/runner/work/heimdall/heimdall/frontend/[39mnode_modules/[4m.pnpm[24m/react-dom@19.2.0_react@19.2.0/node_modules/[4mreact-dom[24m/cjs/react-dom-client.development.js:8289:22[90m)[39m
    at Object.useState [90m(/home/runner/work/heimdall/heimdall/frontend/[39mnode_modules/[4m.pnpm[24m/react-dom@19.2.0_react@19.2.0/node_modules/[4mreact-dom[24m/cjs/react-dom-client.development.js:26243:18[90m)[39m
    at process.env.NODE_ENV.exports.useState [90m(/home/runner/work/heimdall/heimdall/frontend/[39mnode_modules/[4m.pnpm[24m/react@19.2.0/node_modules/[4mreact[24m/cjs/react.development.js:1263:34[90m)[39m
    at useLocalStorage [90m(/home/runner/work/heimdall/heimdall/frontend/[39msrc/hooks/useLocalStorage.ts:4:43[90m)[39m
    at [90m/home/runner/work/heimdall/heimdall/frontend/[39msrc/hooks/__tests__/useLocalStorage.test.ts:122:45
    at TestComponent [90m(/home/runner/work/heimdall/heimdall/frontend/[39mnode_modules/[4m.pnpm[24m/@testing-library+react@16.3.0_@testing-library+dom@10.4.1_@types+react-dom@19.2.2_@types+reac_aph2zb2rcqhkh2rxlyc37ubn7y/node_modules/[4m@testing-library[24m/react/dist/pure.js:331:27[90m)[39m
    at Object.react_stack_bottom_frame [90m(/home/runner/work/heimdall/heimdall/frontend/[39mnode_modules/[4m.pnpm[24m/react-dom@19.2.0_react@19.2.0/node_modules/[4mreact-dom[24m/cjs/react-dom-client.development.js:25904:20[90m)[39m

[90mstderr[2m | src/hooks/__tests__/useLocalStorage.test.ts[2m > [22m[2museLocalStorage Hook[2m > [22m[2mgracefully handles localStorage errors during write
[22m[39mError writing to localStorage key "test-key": Error: Storage write error
    at Proxy.Storage.setItem [90m(/home/runner/work/heimdall/heimdall/frontend/[39msrc/hooks/__tests__/useLocalStorage.test.ts:136:19[90m)[39m
    at Array.setValue [90m(/home/runner/work/heimdall/heimdall/frontend/[39msrc/hooks/useLocalStorage.ts:18:33[90m)[39m
    at [90m/home/runner/work/heimdall/heimdall/frontend/[39msrc/hooks/__tests__/useLocalStorage.test.ts:140:29
    at [90m/home/runner/work/heimdall/heimdall/frontend/[39mnode_modules/[4m.pnpm[24m/@testing-library+react@16.3.0_@testing-library+dom@10.4.1_@types+react-dom@19.2.2_@types+reac_aph2zb2rcqhkh2rxlyc37ubn7y/node_modules/[4m@testing-library[24m/react/dist/act-compat.js:48:24
    at process.env.NODE_ENV.exports.act [90m(/home/runner/work/heimdall/heimdall/frontend/[39mnode_modules/[4m.pnpm[24m/react@19.2.0/node_modules/[4mreact[24m/cjs/react.development.js:814:22[90m)[39m
    at [90m/home/runner/work/heimdall/heimdall/frontend/[39mnode_modules/[4m.pnpm[24m/@testing-library+react@16.3.0_@testing-library+dom@10.4.1_@types+react-dom@19.2.2_@types+reac_aph2zb2rcqhkh2rxlyc37ubn7y/node_modules/[4m@testing-library[24m/react/dist/act-compat.js:47:25
    at [90m/home/runner/work/heimdall/heimdall/frontend/[39msrc/hooks/__tests__/useLocalStorage.test.ts:139:9
    at [90mfile:///home/runner/work/heimdall/heimdall/frontend/[39mnode_modules/[4m.pnpm[24m/@vitest+runner@3.2.4/node_modules/[4m@vitest[24m/runner/dist/chunk-hooks.js:155:11
    at [90mfile:///home/runner/work/heimdall/heimdall/frontend/[39mnode_modules/[4m.pnpm[24m/@vitest+runner@3.2.4/node_modules/[4m@vitest[24m/runner/dist/chunk-hooks.js:752:26
    at [90mfile:///home/runner/work/heimdall/heimdall/frontend/[39mnode_modules/[4m.pnpm[24m/@vitest+runner@3.2.4/node_modules/[4m@vitest[24m/runner/dist/chunk-hooks.js:1897:20

 [32m✓[39m src/hooks/__tests__/useLocalStorage.test.ts [2m([22m[2m14 tests[22m[2m)[22m[32m 113[2mms[22m[39m
[90mstderr[2m | src/store/authStore.test.ts[2m > [22m[2mauthStore - Authentication Store[2m > [22m[2mlogin()[2m > [22m[2mshould reject invalid credentials
[22m[39mLogin failed: Error: Invalid user credentials
    at Object.login [90m(/home/runner/work/heimdall/heimdall/frontend/[39msrc/store/authStore.ts:64:31[90m)[39m
[90m    at processTicksAndRejections (node:internal/process/task_queues:95:5)[39m
    at [90m/home/runner/work/heimdall/heimdall/frontend/[39msrc/store/authStore.test.ts:91:17
    at [90mfile:///home/runner/work/heimdall/heimdall/frontend/[39mnode_modules/[4m.pnpm[24m/@vitest+runner@3.2.4/node_modules/[4m@vitest[24m/runner/dist/chunk-hooks.js:752:20

 [32m✓[39m src/store/authStore.test.ts [2m([22m[2m5 tests[22m[2m)[22m[32m 34[2mms[22m[39m
 [32m✓[39m src/pages/Login.test.tsx [2m([22m[2m15 tests[22m[2m)[22m[33m 650[2mms[22m[39m
 [32m✓[39m src/components/__tests__/SessionsList.test.tsx [2m([22m[2m14 tests[22m[2m)[22m[33m 541[2mms[22m[39m
 [32m✓[39m src/pages/Settings.test.tsx [2m([22m[2m21 tests[22m[2m)[22m[33m 1185[2mms[22m[39m
 [32m✓[39m src/components/__tests__/StatCard.test.tsx [2m([22m[2m18 tests[22m[2m)[22m[32m 140[2mms[22m[39m
 [32m✓[39m src/pages/Projects.test.tsx [2m([22m[2m15 tests[22m[2m)[22m[33m 1547[2mms[22m[39m
   [33m[2m✓[22m[39m Projects Page[2m > [22mshows create session button [33m 490[2mms[22m[39m
 [32m✓[39m src/pages/RecordingSession.test.tsx [2m([22m[2m17 tests[22m[2m)[22m[33m 846[2mms[22m[39m
 [32m✓[39m src/pages/Profile.test.tsx [2m([22m[2m18 tests[22m[2m)[22m[33m 1019[2mms[22m[39m
[90mstderr[2m | src/pages/WebSDRManagement.test.tsx[2m > [22m[2mWebSDRManagement Page[2m > [22m[2mhandles WebSDR selection
[22m[39mAn update to WebSDRManagement inside a test was not wrapped in act(...).

When testing, code that causes React state updates should be wrapped into act(...):

act(() => {
  /* fire events that update state */
});
/* assert on the output */

This ensures that you're testing the behavior the user would see in the browser. Learn more at https://react.dev/link/wrap-tests-with-act

[90mstderr[2m | src/pages/SystemStatus.test.tsx[2m > [22m[2mSystemStatus Page[2m > [22m[2mhandles refresh button click
[22m[39mAn update to SystemStatus inside a test was not wrapped in act(...).

When testing, code that causes React state updates should be wrapped into act(...):

act(() => {
  /* fire events that update state */
});
/* assert on the output */

This ensures that you're testing the behavior the user would see in the browser. Learn more at https://react.dev/link/wrap-tests-with-act

 [32m✓[39m src/pages/WebSDRManagement.test.tsx [2m([22m[2m19 tests[22m[2m)[22m[33m 2157[2mms[22m[39m
   [33m[2m✓[22m[39m WebSDRManagement Page[2m > [22mdisplays refresh button [33m 624[2mms[22m[39m
   [33m[2m✓[22m[39m WebSDRManagement Page[2m > [22mhandles refresh button click [33m 348[2mms[22m[39m
 [32m✓[39m src/pages/SystemStatus.test.tsx [2m([22m[2m20 tests[22m[2m)[22m[33m 1101[2mms[22m[39m
 [32m✓[39m src/pages/DataIngestion.test.tsx [2m([22m[2m19 tests[22m[2m)[22m[33m 1339[2mms[22m[39m
   [33m[2m✓[22m[39m DataIngestion Page[2m > [22mdisplays sources tab [33m 307[2mms[22m[39m
 [32m✓[39m src/test/responsive.test.tsx [2m([22m[2m12 tests[22m[2m)[22m[33m 558[2mms[22m[39m
[90mstderr[2m | src/hooks/__tests__/useAuth.test.ts[2m > [22m[2museAuth Hook[2m > [22m[2mhandles invalid localStorage data gracefully
[22m[39mFailed to parse auth data: SyntaxError: Unexpected token 'i', "invalid-json-data" is not valid JSON
    at JSON.parse (<anonymous>)
    at [90m/home/runner/work/heimdall/heimdall/frontend/[39msrc/hooks/useAuth.ts:28:39
    at Object.react_stack_bottom_frame [90m(/home/runner/work/heimdall/heimdall/frontend/[39mnode_modules/[4m.pnpm[24m/react-dom@19.2.0_react@19.2.0/node_modules/[4mreact-dom[24m/cjs/react-dom-client.development.js:25989:20[90m)[39m
    at runWithFiberInDEV [90m(/home/runner/work/heimdall/heimdall/frontend/[39mnode_modules/[4m.pnpm[24m/react-dom@19.2.0_react@19.2.0/node_modules/[4mreact-dom[24m/cjs/react-dom-client.development.js:874:13[90m)[39m
    at commitHookEffectListMount [90m(/home/runner/work/heimdall/heimdall/frontend/[39mnode_modules/[4m.pnpm[24m/react-dom@19.2.0_react@19.2.0/node_modules/[4mreact-dom[24m/cjs/react-dom-client.development.js:13249:29[90m)[39m
    at commitHookPassiveMountEffects [90m(/home/runner/work/heimdall/heimdall/frontend/[39mnode_modules/[4m.pnpm[24m/react-dom@19.2.0_react@19.2.0/node_modules/[4mreact-dom[24m/cjs/react-dom-client.development.js:13336:11[90m)[39m
    at commitPassiveMountOnFiber [90m(/home/runner/work/heimdall/heimdall/frontend/[39mnode_modules/[4m.pnpm[24m/react-dom@19.2.0_react@19.2.0/node_modules/[4mreact-dom[24m/cjs/react-dom-client.development.js:15484:13[90m)[39m
    at recursivelyTraversePassiveMountEffects [90m(/home/runner/work/heimdall/heimdall/frontend/[39mnode_modules/[4m.pnpm[24m/react-dom@19.2.0_react@19.2.0/node_modules/[4mreact-dom[24m/cjs/react-dom-client.development.js:15439:11[90m)[39m
    at commitPassiveMountOnFiber [90m(/home/runner/work/heimdall/heimdall/frontend/[39mnode_modules/[4m.pnpm[24m/react-dom@19.2.0_react@19.2.0/node_modules/[4mreact-dom[24m/cjs/react-dom-client.development.js:15519:11[90m)[39m
    at flushPassiveEffects [90m(/home/runner/work/heimdall/heimdall/frontend/[39mnode_modules/[4m.pnpm[24m/react-dom@19.2.0_react@19.2.0/node_modules/[4mreact-dom[24m/cjs/react-dom-client.development.js:18432:9[90m)[39m

 [32m✓[39m src/hooks/__tests__/useAuth.test.ts [2m([22m[2m9 tests[22m[2m)[22m[32m 63[2mms[22m[39m
 [32m✓[39m src/pages/SessionHistory.test.tsx [2m([22m[2m19 tests[22m[2m)[22m[33m 1678[2mms[22m[39m
   [33m[2m✓[22m[39m SessionHistory Page[2m > [22mdisplays status filter options [33m 377[2mms[22m[39m
 [32m✓[39m src/components/Navigation/BottomSheet.test.tsx [2m([22m[2m7 tests[22m[2m)[22m[32m 262[2mms[22m[39m
 [32m✓[39m src/components/Navigation/MobileMenu.test.tsx [2m([22m[2m5 tests[22m[2m)[22m[32m 233[2mms[22m[39m
 [32m✓[39m src/components/SessionDetailModal.test.tsx [2m([22m[2m8 tests[22m[2m)[22m[33m 1498[2mms[22m[39m
   [33m[2m✓[22m[39m SessionDetailModal[2m > [22mcalls onClose when close button clicked [33m 557[2mms[22m[39m
 [32m✓[39m src/components/Navigation/BottomNav.test.tsx [2m([22m[2m4 tests[22m[2m)[22m[32m 130[2mms[22m[39m
 [32m✓[39m src/test/realtime.test.tsx [2m([22m[2m5 tests[22m[2m)[22m[32m 243[2mms[22m[39m
[90mstdout[2m | src/services/api/integration.test.ts[2m > [22m[2mPhase 6: API Integration Verification[2m > [22m[2mshould import all API services without errors
[22m[39m🔧 API Configuration: {
  VITE_API_URL: [90mundefined[39m,
  API_BASE_URL: [32m'http://localhost:8000'[39m,
  environment: [32m'test'[39m,
  isDev: [33mtrue[39m
}

 [32m✓[39m src/services/api/integration.test.ts [2m([22m[2m2 tests[22m[2m)[22m[32m 97[2mms[22m[39m
[2m4:53:50 PM[22m [33m[1m[vite][22m[39m [33m[2m(ssr)[22m[39m Failed to load source map for /home/runner/work/heimdall/heimdall/frontend/public/assets/js/plugins/popper.min.js.
Error: An error occurred while trying to read the map file at popper.min.js.map
Error: ENOENT: no such file or directory, open '/home/runner/work/heimdall/heimdall/frontend/public/assets/js/plugins/popper.min.js.map'
    at async open (node:internal/fs/promises:639:25)
    at async Object.readFile (node:internal/fs/promises:1246:14)
    at async extractSourcemapFromFile (file:///home/runner/work/heimdall/heimdall/frontend/node_modules/.pnpm/vite@7.1.12_@types+node@24.9.1/node_modules/vite/dist/node/chunks/config.js:8061:65)
    at async loadAndTransform (file:///home/runner/work/heimdall/heimdall/frontend/node_modules/.pnpm/vite@7.1.12_@types+node@24.9.1/node_modules/vite/dist/node/chunks/config.js:26014:22)
[2m4:53:50 PM[22m [33m[1m[vite][22m[39m [33m[2m(ssr)[22m[39m Failed to load source map for /home/runner/work/heimdall/heimdall/frontend/public/assets/js/plugins/bootstrap.min.js.
Error: An error occurred while trying to read the map file at bootstrap.min.js.map
Error: ENOENT: no such file or directory, open '/home/runner/work/heimdall/heimdall/frontend/public/assets/js/plugins/bootstrap.min.js.map'
    at async open (node:internal/fs/promises:639:25)
    at async Object.readFile (node:internal/fs/promises:1246:14)
    at async extractSourcemapFromFile (file:///home/runner/work/heimdall/heimdall/frontend/node_modules/.pnpm/vite@7.1.12_@types+node@24.9.1/node_modules/vite/dist/node/chunks/config.js:8061:65)
    at async loadAndTransform (file:///home/runner/work/heimdall/heimdall/frontend/node_modules/.pnpm/vite@7.1.12_@types+node@24.9.1/node_modules/vite/dist/node/chunks/config.js:26014:22)

[2m Test Files [22m [1m[32m32 passed[39m[22m[90m (32)[39m
[2m      Tests [22m [1m[32m442 passed[39m[22m[90m (442)[39m
[2m   Start at [22m 16:53:24
[2m   Duration [22m 26.68s[2m (transform 1.70s, setup 3.89s, collect 9.68s, tests 23.78s, environment 26.05s, prepare 3.80s)[22m

