============================= test session starts ==============================
platform linux -- Python 3.11.13, pytest-8.4.2, pluggy-1.6.0 -- /opt/hostedtoolcache/Python/3.11.13/x64/bin/python
cachedir: .pytest_cache
rootdir: /home/runner/work/heimdall/heimdall
plugins: cov-7.0.0
collecting ... collected 0 items / 15 errors

==================================== ERRORS ====================================
__________________ ERROR collecting frontend/test_output.txt ___________________
/opt/hostedtoolcache/Python/3.11.13/x64/lib/python3.11/pathlib.py:1059: in read_text
    return f.read()
           ^^^^^^^^
<frozen codecs>:322: in decode
    ???
E   UnicodeDecodeError: 'utf-8' codec can't decode byte 0xff in position 0: invalid start byte
____________________ ERROR collecting scripts/load_test.py _____________________
ImportError while importing test module '/home/runner/work/heimdall/heimdall/scripts/load_test.py'.
Hint: make sure your test modules/packages have valid Python names.
Traceback:
/opt/hostedtoolcache/Python/3.11.13/x64/lib/python3.11/importlib/__init__.py:126: in import_module
    return _bootstrap._gcd_import(name[level:], package, level)
           ^^^^^^^^^^^^^^^^^^^^^^^^^^^^^^^^^^^^^^^^^^^^^^^^^^^^
scripts/load_test.py:16: in <module>
    import requests
E   ModuleNotFoundError: No module named 'requests'
____________ ERROR collecting scripts/test_backend_connectivity.py _____________
ImportError while importing test module '/home/runner/work/heimdall/heimdall/scripts/test_backend_connectivity.py'.
Hint: make sure your test modules/packages have valid Python names.
Traceback:
/opt/hostedtoolcache/Python/3.11.13/x64/lib/python3.11/importlib/__init__.py:126: in import_module
    return _bootstrap._gcd_import(name[level:], package, level)
           ^^^^^^^^^^^^^^^^^^^^^^^^^^^^^^^^^^^^^^^^^^^^^^^^^^^^
scripts/test_backend_connectivity.py:8: in <module>
    import httpx
E   ModuleNotFoundError: No module named 'httpx'
_________________ ERROR collecting scripts/test_full_stack.py __________________
ImportError while importing test module '/home/runner/work/heimdall/heimdall/scripts/test_full_stack.py'.
Hint: make sure your test modules/packages have valid Python names.
Traceback:
/opt/hostedtoolcache/Python/3.11.13/x64/lib/python3.11/importlib/__init__.py:126: in import_module
    return _bootstrap._gcd_import(name[level:], package, level)
           ^^^^^^^^^^^^^^^^^^^^^^^^^^^^^^^^^^^^^^^^^^^^^^^^^^^^
scripts/test_full_stack.py:13: in <module>
    import httpx
E   ModuleNotFoundError: No module named 'httpx'
_______________ ERROR collecting scripts/test_health_endpoint.py _______________
ImportError while importing test module '/home/runner/work/heimdall/heimdall/scripts/test_health_endpoint.py'.
Hint: make sure your test modules/packages have valid Python names.
Traceback:
/opt/hostedtoolcache/Python/3.11.13/x64/lib/python3.11/importlib/__init__.py:126: in import_module
    return _bootstrap._gcd_import(name[level:], package, level)
           ^^^^^^^^^^^^^^^^^^^^^^^^^^^^^^^^^^^^^^^^^^^^^^^^^^^^
scripts/test_health_endpoint.py:5: in <module>
    import requests
E   ModuleNotFoundError: No module named 'requests'
_______________ ERROR collecting scripts/test_sdr_health_real.py _______________
ImportError while importing test module '/home/runner/work/heimdall/heimdall/scripts/test_sdr_health_real.py'.
Hint: make sure your test modules/packages have valid Python names.
Traceback:
/opt/hostedtoolcache/Python/3.11.13/x64/lib/python3.11/importlib/__init__.py:126: in import_module
    return _bootstrap._gcd_import(name[level:], package, level)
           ^^^^^^^^^^^^^^^^^^^^^^^^^^^^^^^^^^^^^^^^^^^^^^^^^^^^
scripts/test_sdr_health_real.py:6: in <module>
    import aiohttp
E   ModuleNotFoundError: No module named 'aiohttp'
_______________ ERROR collecting scripts/test_task_lifecycle.py ________________
ImportError while importing test module '/home/runner/work/heimdall/heimdall/scripts/test_task_lifecycle.py'.
Hint: make sure your test modules/packages have valid Python names.
Traceback:
/opt/hostedtoolcache/Python/3.11.13/x64/lib/python3.11/importlib/__init__.py:126: in import_module
    return _bootstrap._gcd_import(name[level:], package, level)
           ^^^^^^^^^^^^^^^^^^^^^^^^^^^^^^^^^^^^^^^^^^^^^^^^^^^^
scripts/test_task_lifecycle.py:4: in <module>
    import requests
E   ModuleNotFoundError: No module named 'requests'
_________________ ERROR collecting scripts/test_websdr_fix.py __________________
ImportError while importing test module '/home/runner/work/heimdall/heimdall/scripts/test_websdr_fix.py'.
Hint: make sure your test modules/packages have valid Python names.
Traceback:
/opt/hostedtoolcache/Python/3.11.13/x64/lib/python3.11/importlib/__init__.py:126: in import_module
    return _bootstrap._gcd_import(name[level:], package, level)
           ^^^^^^^^^^^^^^^^^^^^^^^^^^^^^^^^^^^^^^^^^^^^^^^^^^^^
scripts/test_websdr_fix.py:11: in <module>
    import requests
E   ModuleNotFoundError: No module named 'requests'
_ ERROR collecting services/api-gateway/tests/integration/test_api_endpoints.py _
ImportError while importing test module '/home/runner/work/heimdall/heimdall/services/api-gateway/tests/integration/test_api_endpoints.py'.
Hint: make sure your test modules/packages have valid Python names.
Traceback:
/opt/hostedtoolcache/Python/3.11.13/x64/lib/python3.11/importlib/__init__.py:126: in import_module
    return _bootstrap._gcd_import(name[level:], package, level)
           ^^^^^^^^^^^^^^^^^^^^^^^^^^^^^^^^^^^^^^^^^^^^^^^^^^^^
services/api-gateway/tests/integration/test_api_endpoints.py:9: in <module>
    from fastapi.testclient import TestClient
E   ModuleNotFoundError: No module named 'fastapi'
___________ ERROR collecting services/api-gateway/tests/test_main.py ___________
ImportError while importing test module '/home/runner/work/heimdall/heimdall/services/api-gateway/tests/test_main.py'.
Hint: make sure your test modules/packages have valid Python names.
Traceback:
/opt/hostedtoolcache/Python/3.11.13/x64/lib/python3.11/importlib/__init__.py:126: in import_module
    return _bootstrap._gcd_import(name[level:], package, level)
           ^^^^^^^^^^^^^^^^^^^^^^^^^^^^^^^^^^^^^^^^^^^^^^^^^^^^
services/api-gateway/tests/test_main.py:2: in <module>
    from fastapi.testclient import TestClient
E   ModuleNotFoundError: No module named 'fastapi'
________ ERROR collecting services/api-gateway/tests/test_websocket.py _________
ImportError while importing test module '/home/runner/work/heimdall/heimdall/services/api-gateway/tests/test_websocket.py'.
Hint: make sure your test modules/packages have valid Python names.
Traceback:
/opt/hostedtoolcache/Python/3.11.13/x64/lib/python3.11/importlib/__init__.py:126: in import_module
    return _bootstrap._gcd_import(name[level:], package, level)
           ^^^^^^^^^^^^^^^^^^^^^^^^^^^^^^^^^^^^^^^^^^^^^^^^^^^^
services/api-gateway/tests/test_websocket.py:6: in <module>
    from fastapi.testclient import TestClient
E   ModuleNotFoundError: No module named 'fastapi'
______________ ERROR collecting services/data-ingestion-web/tests ______________
/opt/hostedtoolcache/Python/3.11.13/x64/lib/python3.11/site-packages/_pytest/config/__init__.py:712: in _importconftest
    mod = import_path(
/opt/hostedtoolcache/Python/3.11.13/x64/lib/python3.11/site-packages/_pytest/pathlib.py:610: in import_path
    raise ImportPathMismatchError(module_name, module_file, path)
E   _pytest.pathlib.ImportPathMismatchError: ('tests.conftest', '/home/runner/work/heimdall/heimdall/services/api-gateway/tests/conftest.py', PosixPath('/home/runner/work/heimdall/heimdall/services/data-ingestion-web/tests/conftest.py'))
__________________ ERROR collecting services/inference/tests ___________________
/opt/hostedtoolcache/Python/3.11.13/x64/lib/python3.11/site-packages/_pytest/config/__init__.py:712: in _importconftest
    mod = import_path(
/opt/hostedtoolcache/Python/3.11.13/x64/lib/python3.11/site-packages/_pytest/pathlib.py:610: in import_path
    raise ImportPathMismatchError(module_name, module_file, path)
E   _pytest.pathlib.ImportPathMismatchError: ('tests.conftest', '/home/runner/work/heimdall/heimdall/services/api-gateway/tests/conftest.py', PosixPath('/home/runner/work/heimdall/heimdall/services/inference/tests/conftest.py'))
________________ ERROR collecting services/rf-acquisition/tests ________________
/opt/hostedtoolcache/Python/3.11.13/x64/lib/python3.11/site-packages/_pytest/config/__init__.py:712: in _importconftest
    mod = import_path(
/opt/hostedtoolcache/Python/3.11.13/x64/lib/python3.11/site-packages/_pytest/pathlib.py:610: in import_path
    raise ImportPathMismatchError(module_name, module_file, path)
E   _pytest.pathlib.ImportPathMismatchError: ('tests.conftest', '/home/runner/work/heimdall/heimdall/services/api-gateway/tests/conftest.py', PosixPath('/home/runner/work/heimdall/heimdall/services/rf-acquisition/tests/conftest.py'))
___________________ ERROR collecting services/training/tests ___________________
/opt/hostedtoolcache/Python/3.11.13/x64/lib/python3.11/site-packages/_pytest/config/__init__.py:712: in _importconftest
    mod = import_path(
/opt/hostedtoolcache/Python/3.11.13/x64/lib/python3.11/site-packages/_pytest/pathlib.py:610: in import_path
    raise ImportPathMismatchError(module_name, module_file, path)
E   _pytest.pathlib.ImportPathMismatchError: ('tests.conftest', '/home/runner/work/heimdall/heimdall/services/api-gateway/tests/conftest.py', PosixPath('/home/runner/work/heimdall/heimdall/services/training/tests/conftest.py'))
=========================== short test summary info ============================
ERROR frontend/test_output.txt - UnicodeDecodeError: 'utf-8' codec can't decode byte 0xff in position 0: invalid start byte
ERROR scripts/load_test.py
ERROR scripts/test_backend_connectivity.py
ERROR scripts/test_full_stack.py
ERROR scripts/test_health_endpoint.py
ERROR scripts/test_sdr_health_real.py
ERROR scripts/test_task_lifecycle.py
ERROR scripts/test_websdr_fix.py
ERROR services/api-gateway/tests/integration/test_api_endpoints.py
ERROR services/api-gateway/tests/test_main.py
ERROR services/api-gateway/tests/test_websocket.py
ERROR services/data-ingestion-web/tests - _pytest.pathlib.ImportPathMismatchError: ('tests.conftest', '/home/runner/work/heimdall/heimdall/services/api-gateway/tests/conftest.py', PosixPath('/home/runner/work/heimdall/heimdall/services/data-ingestion-web/tests/conftest.py'))
ERROR services/inference/tests - _pytest.pathlib.ImportPathMismatchError: ('tests.conftest', '/home/runner/work/heimdall/heimdall/services/api-gateway/tests/conftest.py', PosixPath('/home/runner/work/heimdall/heimdall/services/inference/tests/conftest.py'))
ERROR services/rf-acquisition/tests - _pytest.pathlib.ImportPathMismatchError: ('tests.conftest', '/home/runner/work/heimdall/heimdall/services/api-gateway/tests/conftest.py', PosixPath('/home/runner/work/heimdall/heimdall/services/rf-acquisition/tests/conftest.py'))
ERROR services/training/tests - _pytest.pathlib.ImportPathMismatchError: ('tests.conftest', '/home/runner/work/heimdall/heimdall/services/api-gateway/tests/conftest.py', PosixPath('/home/runner/work/heimdall/heimdall/services/training/tests/conftest.py'))
!!!!!!!!!!!!!!!!!!! Interrupted: 15 errors during collection !!!!!!!!!!!!!!!!!!!
============================== 15 errors in 0.89s ==============================
